# JRE version: Java(TM) SE Runtime Environment (8.0_202-b08) (build 1.8.0_202-b08)
# Java VM: Java HotSpot(TM) 64-Bit Server VM (25.202-b08 mixed mode bsd-amd64 compressed oops)
Heap:
 PSYoungGen      total 133120K, used 52925K [0x00000007a5000000, 0x00000007af480000, 0x00000007c0000000)
  eden space 128000K, 37% used [0x00000007a5000000,0x00000007a7f07e38,0x00000007acd00000)
  from space 5120K, 93% used [0x00000007aef80000,0x00000007af4276d0,0x00000007af480000)
  to   space 6144K, 0% used [0x00000007ae880000,0x00000007ae880000,0x00000007aee80000)
 ParOldGen       total 49152K, used 9818K [0x0000000754000000, 0x0000000757000000, 0x00000007a5000000)
  object space 49152K, 19% used [0x0000000754000000,0x0000000754996b00,0x0000000757000000)
 Metaspace       used 26088K, capacity 26498K, committed 26880K, reserved 1073152K
  class space    used 3613K, capacity 3730K, committed 3840K, reserved 1048576K
GC Heap History (10 events):
Event: 0.972 GC heap before
{Heap before GC invocations=7 (full 0):
 PSYoungGen      total 52736K, used 51848K [0x00000007a5000000, 0x00000007a8700000, 0x00000007c0000000)
  eden space 49152K, 100% used [0x00000007a5000000,0x00000007a8000000,0x00000007a8000000)
  from space 3584K, 75% used [0x00000007a8380000,0x00000007a8622348,0x00000007a8700000)
  to   space 3584K, 0% used [0x00000007a8000000,0x00000007a8000000,0x00000007a8380000)
 ParOldGen       total 49152K, used 2293K [0x0000000754000000, 0x0000000757000000, 0x00000007a5000000)
  object space 49152K, 4% used [0x0000000754000000,0x000000075423d6e8,0x0000000757000000)
 Metaspace       used 8382K, capacity 8568K, committed 8832K, reserved 1056768K
  class space    used 987K, capacity 1034K, committed 1152K, reserved 1048576K
Event: 0.975 GC heap after
Heap after GC invocations=7 (full 0):
 PSYoungGen      total 52736K, used 2592K [0x00000007a5000000, 0x00000007ab700000, 0x00000007c0000000)
  eden space 49152K, 0% used [0x00000007a5000000,0x00000007a5000000,0x00000007a8000000)
  from space 3584K, 72% used [0x00000007a8000000,0x00000007a8288010,0x00000007a8380000)
  to   space 3584K, 0% used [0x00000007ab380000,0x00000007ab380000,0x00000007ab700000)
 ParOldGen       total 49152K, used 3261K [0x0000000754000000, 0x0000000757000000, 0x00000007a5000000)
  object space 49152K, 6% used [0x0000000754000000,0x000000075432f430,0x0000000757000000)
 Metaspace       used 8382K, capacity 8568K, committed 8832K, reserved 1056768K
  class space    used 987K, capacity 1034K, committed 1152K, reserved 1048576K
}
Event: 1.110 GC heap before
{Heap before GC invocations=8 (full 0):
 PSYoungGen      total 52736K, used 51744K [0x00000007a5000000, 0x00000007ab700000, 0x00000007c0000000)
  eden space 49152K, 100% used [0x00000007a5000000,0x00000007a8000000,0x00000007a8000000)
  from space 3584K, 72% used [0x00000007a8000000,0x00000007a8288010,0x00000007a8380000)
  to   space 3584K, 0% used [0x00000007ab380000,0x00000007ab380000,0x00000007ab700000)
 ParOldGen       total 49152K, used 3261K [0x0000000754000000, 0x0000000757000000, 0x00000007a5000000)
  object space 49152K, 6% used [0x0000000754000000,0x000000075432f430,0x0000000757000000)
 Metaspace       used 9809K, capacity 10044K, committed 10240K, reserved 1058816K
  class space    used 1176K, capacity 1267K, committed 1280K, reserved 1048576K
Event: 1.112 GC heap after
Heap after GC invocations=8 (full 0):
 PSYoungGen      total 101888K, used 2270K [0x00000007a5000000, 0x00000007ab700000, 0x00000007c0000000)
  eden space 98304K, 0% used [0x00000007a5000000,0x00000007a5000000,0x00000007ab000000)
  from space 3584K, 63% used [0x00000007ab380000,0x00000007ab5b7a58,0x00000007ab700000)
  to   space 3584K, 0% used [0x00000007ab000000,0x00000007ab000000,0x00000007ab380000)
 ParOldGen       total 49152K, used 3801K [0x0000000754000000, 0x0000000757000000, 0x00000007a5000000)
  object space 49152K, 7% used [0x0000000754000000,0x00000007543b64f8,0x0000000757000000)
 Metaspace       used 9809K, capacity 10044K, committed 10240K, reserved 1058816K
  class space    used 1176K, capacity 1267K, committed 1280K, reserved 1048576K
}
Event: 1.801 GC heap before
{Heap before GC invocations=9 (full 0):
 PSYoungGen      total 101888K, used 87789K [0x00000007a5000000, 0x00000007ab700000, 0x00000007c0000000)
  eden space 98304K, 86% used [0x00000007a5000000,0x00000007aa383d28,0x00000007ab000000)
  from space 3584K, 63% used [0x00000007ab380000,0x00000007ab5b7a58,0x00000007ab700000)
  to   space 3584K, 0% used [0x00000007ab000000,0x00000007ab000000,0x00000007ab380000)
 ParOldGen       total 49152K, used 3801K [0x0000000754000000, 0x0000000757000000, 0x00000007a5000000)
  object space 49152K, 7% used [0x0000000754000000,0x00000007543b64f8,0x0000000757000000)
 Metaspace       used 20744K, capacity 21070K, committed 21296K, reserved 1067008K
  class space    used 2816K, capacity 2932K, committed 2944K, reserved 1048576K
Event: 1.809 GC heap after
Heap after GC invocations=9 (full 0):
 PSYoungGen      total 101888K, used 3573K [0x00000007a5000000, 0x00000007af500000, 0x00000007c0000000)
  eden space 98304K, 0% used [0x00000007a5000000,0x00000007a5000000,0x00000007ab000000)
  from space 3584K, 99% used [0x00000007ab000000,0x00000007ab37d588,0x00000007ab380000)
  to   space 5632K, 0% used [0x00000007aef80000,0x00000007aef80000,0x00000007af500000)
 ParOldGen       total 49152K, used 8230K [0x0000000754000000, 0x0000000757000000, 0x00000007a5000000)
  object space 49152K, 16% used [0x0000000754000000,0x00000007548099b8,0x0000000757000000)
 Metaspace       used 20744K, capacity 21070K, committed 21296K, reserved 1067008K
  class space    used 2816K, capacity 2932K, committed 2944K, reserved 1048576K
}
Event: 1.809 GC heap before
{Heap before GC invocations=10 (full 1):
 PSYoungGen      total 101888K, used 3573K [0x00000007a5000000, 0x00000007af500000, 0x00000007c0000000)
  eden space 98304K, 0% used [0x00000007a5000000,0x00000007a5000000,0x00000007ab000000)
  from space 3584K, 99% used [0x00000007ab000000,0x00000007ab37d588,0x00000007ab380000)
  to   space 5632K, 0% used [0x00000007aef80000,0x00000007aef80000,0x00000007af500000)
 ParOldGen       total 49152K, used 8230K [0x0000000754000000, 0x0000000757000000, 0x00000007a5000000)
  object space 49152K, 16% used [0x0000000754000000,0x00000007548099b8,0x0000000757000000)
 Metaspace       used 20744K, capacity 21070K, committed 21296K, reserved 1067008K
  class space    used 2816K, capacity 2932K, committed 2944K, reserved 1048576K
Event: 1.840 GC heap after
Heap after GC invocations=10 (full 1):
 PSYoungGen      total 101888K, used 0K [0x00000007a5000000, 0x00000007af500000, 0x00000007c0000000)
  eden space 98304K, 0% used [0x00000007a5000000,0x00000007a5000000,0x00000007ab000000)
  from space 3584K, 0% used [0x00000007ab000000,0x00000007ab000000,0x00000007ab380000)
  to   space 5632K, 0% used [0x00000007aef80000,0x00000007aef80000,0x00000007af500000)
 ParOldGen       total 49152K, used 9810K [0x0000000754000000, 0x0000000757000000, 0x00000007a5000000)
  object space 49152K, 19% used [0x0000000754000000,0x0000000754994b00,0x0000000757000000)
 Metaspace       used 20744K, capacity 21070K, committed 21296K, reserved 1067008K
  class space    used 2816K, capacity 2932K, committed 2944K, reserved 1048576K
}
Event: 2.122 GC heap before
{Heap before GC invocations=11 (full 1):
 PSYoungGen      total 101888K, used 98304K [0x00000007a5000000, 0x00000007af500000, 0x00000007c0000000)
  eden space 98304K, 100% used [0x00000007a5000000,0x00000007ab000000,0x00000007ab000000)
  from space 3584K, 0% used [0x00000007ab000000,0x00000007ab000000,0x00000007ab380000)
  to   space 5632K, 0% used [0x00000007aef80000,0x00000007aef80000,0x00000007af500000)
 ParOldGen       total 49152K, used 9810K [0x0000000754000000, 0x0000000757000000, 0x00000007a5000000)
  object space 49152K, 19% used [0x0000000754000000,0x0000000754994b00,0x0000000757000000)
 Metaspace       used 23309K, capacity 23682K, committed 24192K, reserved 1071104K
  class space    used 3227K, capacity 3352K, committed 3456K, reserved 1048576K
Event: 2.126 GC heap after
Heap after GC invocations=11 (full 1):
 PSYoungGen      total 133120K, used 4765K [0x00000007a5000000, 0x00000007af480000, 0x00000007c0000000)
  eden space 128000K, 0% used [0x00000007a5000000,0x00000007a5000000,0x00000007acd00000)
  from space 5120K, 93% used [0x00000007aef80000,0x00000007af4276d0,0x00000007af480000)
  to   space 6144K, 0% used [0x00000007ae880000,0x00000007ae880000,0x00000007aee80000)
 ParOldGen       total 49152K, used 9818K [0x0000000754000000, 0x0000000757000000, 0x00000007a5000000)
  object space 49152K, 19% used [0x0000000754000000,0x0000000754996b00,0x0000000757000000)
 Metaspace       used 23309K, capacity 23682K, committed 24192K, reserved 1071104K
  class space    used 3227K, capacity 3352K, committed 3456K, reserved 1048576K
}

