# JRE version: Java(TM) SE Runtime Environment (8.0_202-b08) (build 1.8.0_202-b08)
# Java VM: Java HotSpot(TM) 64-Bit Server VM (25.202-b08 mixed mode bsd-amd64 compressed oops)
Heap:
 PSYoungGen      total 130560K, used 53985K [0x00000007a5000000, 0x00000007af480000, 0x00000007c0000000)
  eden space 125440K, 39% used [0x00000007a5000000,0x00000007a8011e18,0x00000007aca80000)
  from space 5120K, 93% used [0x00000007aef80000,0x00000007af426988,0x00000007af480000)
  to   space 6144K, 0% used [0x00000007ae880000,0x00000007ae880000,0x00000007aee80000)
 ParOldGen       total 49152K, used 10082K [0x0000000754000000, 0x0000000757000000, 0x00000007a5000000)
  object space 49152K, 20% used [0x0000000754000000,0x00000007549d8bf8,0x0000000757000000)
 Metaspace       used 26135K, capacity 26498K, committed 26880K, reserved 1073152K
  class space    used 3617K, capacity 3730K, committed 3840K, reserved 1048576K
GC Heap History (10 events):
Event: 0.961 GC heap before
{Heap before GC invocations=7 (full 0):
 PSYoungGen      total 52736K, used 51860K [0x00000007a5000000, 0x00000007a8700000, 0x00000007c0000000)
  eden space 49152K, 100% used [0x00000007a5000000,0x00000007a8000000,0x00000007a8000000)
  from space 3584K, 75% used [0x00000007a8380000,0x00000007a8625278,0x00000007a8700000)
  to   space 3584K, 0% used [0x00000007a8000000,0x00000007a8000000,0x00000007a8380000)
 ParOldGen       total 49152K, used 2139K [0x0000000754000000, 0x0000000757000000, 0x00000007a5000000)
  object space 49152K, 4% used [0x0000000754000000,0x0000000754216e40,0x0000000757000000)
 Metaspace       used 8378K, capacity 8568K, committed 8832K, reserved 1056768K
  class space    used 986K, capacity 1034K, committed 1152K, reserved 1048576K
Event: 0.964 GC heap after
Heap after GC invocations=7 (full 0):
 PSYoungGen      total 52736K, used 2643K [0x00000007a5000000, 0x00000007ab700000, 0x00000007c0000000)
  eden space 49152K, 0% used [0x00000007a5000000,0x00000007a5000000,0x00000007a8000000)
  from space 3584K, 73% used [0x00000007a8000000,0x00000007a8294dc8,0x00000007a8380000)
  to   space 3584K, 0% used [0x00000007ab380000,0x00000007ab380000,0x00000007ab700000)
 ParOldGen       total 49152K, used 3098K [0x0000000754000000, 0x0000000757000000, 0x00000007a5000000)
  object space 49152K, 6% used [0x0000000754000000,0x0000000754306b88,0x0000000757000000)
 Metaspace       used 8378K, capacity 8568K, committed 8832K, reserved 1056768K
  class space    used 986K, capacity 1034K, committed 1152K, reserved 1048576K
}
Event: 1.088 GC heap before
{Heap before GC invocations=8 (full 0):
 PSYoungGen      total 52736K, used 51795K [0x00000007a5000000, 0x00000007ab700000, 0x00000007c0000000)
  eden space 49152K, 100% used [0x00000007a5000000,0x00000007a8000000,0x00000007a8000000)
  from space 3584K, 73% used [0x00000007a8000000,0x00000007a8294dc8,0x00000007a8380000)
  to   space 3584K, 0% used [0x00000007ab380000,0x00000007ab380000,0x00000007ab700000)
 ParOldGen       total 49152K, used 3098K [0x0000000754000000, 0x0000000757000000, 0x00000007a5000000)
  object space 49152K, 6% used [0x0000000754000000,0x0000000754306b88,0x0000000757000000)
 Metaspace       used 9810K, capacity 10044K, committed 10240K, reserved 1058816K
  class space    used 1176K, capacity 1267K, committed 1280K, reserved 1048576K
Event: 1.091 GC heap after
Heap after GC invocations=8 (full 0):
 PSYoungGen      total 101888K, used 2307K [0x00000007a5000000, 0x00000007ab700000, 0x00000007c0000000)
  eden space 98304K, 0% used [0x00000007a5000000,0x00000007a5000000,0x00000007ab000000)
  from space 3584K, 64% used [0x00000007ab380000,0x00000007ab5c0cb0,0x00000007ab700000)
  to   space 3584K, 0% used [0x00000007ab000000,0x00000007ab000000,0x00000007ab380000)
 ParOldGen       total 49152K, used 3655K [0x0000000754000000, 0x0000000757000000, 0x00000007a5000000)
  object space 49152K, 7% used [0x0000000754000000,0x0000000754391ff8,0x0000000757000000)
 Metaspace       used 9810K, capacity 10044K, committed 10240K, reserved 1058816K
  class space    used 1176K, capacity 1267K, committed 1280K, reserved 1048576K
}
Event: 1.768 GC heap before
{Heap before GC invocations=9 (full 0):
 PSYoungGen      total 101888K, used 87979K [0x00000007a5000000, 0x00000007ab700000, 0x00000007c0000000)
  eden space 98304K, 87% used [0x00000007a5000000,0x00000007aa3aa2c0,0x00000007ab000000)
  from space 3584K, 64% used [0x00000007ab380000,0x00000007ab5c0cb0,0x00000007ab700000)
  to   space 3584K, 0% used [0x00000007ab000000,0x00000007ab000000,0x00000007ab380000)
 ParOldGen       total 49152K, used 3655K [0x0000000754000000, 0x0000000757000000, 0x00000007a5000000)
  object space 49152K, 7% used [0x0000000754000000,0x0000000754391ff8,0x0000000757000000)
 Metaspace       used 20739K, capacity 21070K, committed 21296K, reserved 1067008K
  class space    used 2811K, capacity 2932K, committed 2944K, reserved 1048576K
Event: 1.776 GC heap after
Heap after GC invocations=9 (full 0):
 PSYoungGen      total 101888K, used 3570K [0x00000007a5000000, 0x00000007af500000, 0x00000007c0000000)
  eden space 98304K, 0% used [0x00000007a5000000,0x00000007a5000000,0x00000007ab000000)
  from space 3584K, 99% used [0x00000007ab000000,0x00000007ab37c8d0,0x00000007ab380000)
  to   space 5632K, 0% used [0x00000007aef80000,0x00000007aef80000,0x00000007af500000)
 ParOldGen       total 49152K, used 8067K [0x0000000754000000, 0x0000000757000000, 0x00000007a5000000)
  object space 49152K, 16% used [0x0000000754000000,0x00000007547e0d30,0x0000000757000000)
 Metaspace       used 20739K, capacity 21070K, committed 21296K, reserved 1067008K
  class space    used 2811K, capacity 2932K, committed 2944K, reserved 1048576K
}
Event: 1.776 GC heap before
{Heap before GC invocations=10 (full 1):
 PSYoungGen      total 101888K, used 3570K [0x00000007a5000000, 0x00000007af500000, 0x00000007c0000000)
  eden space 98304K, 0% used [0x00000007a5000000,0x00000007a5000000,0x00000007ab000000)
  from space 3584K, 99% used [0x00000007ab000000,0x00000007ab37c8d0,0x00000007ab380000)
  to   space 5632K, 0% used [0x00000007aef80000,0x00000007aef80000,0x00000007af500000)
 ParOldGen       total 49152K, used 8067K [0x0000000754000000, 0x0000000757000000, 0x00000007a5000000)
  object space 49152K, 16% used [0x0000000754000000,0x00000007547e0d30,0x0000000757000000)
 Metaspace       used 20739K, capacity 21070K, committed 21296K, reserved 1067008K
  class space    used 2811K, capacity 2932K, committed 2944K, reserved 1048576K
Event: 1.810 GC heap after
Heap after GC invocations=10 (full 1):
 PSYoungGen      total 101888K, used 0K [0x00000007a5000000, 0x00000007af500000, 0x00000007c0000000)
  eden space 98304K, 0% used [0x00000007a5000000,0x00000007a5000000,0x00000007ab000000)
  from space 3584K, 0% used [0x00000007ab000000,0x00000007ab000000,0x00000007ab380000)
  to   space 5632K, 0% used [0x00000007aef80000,0x00000007aef80000,0x00000007af500000)
 ParOldGen       total 49152K, used 10074K [0x0000000754000000, 0x0000000757000000, 0x00000007a5000000)
  object space 49152K, 20% used [0x0000000754000000,0x00000007549d6bf8,0x0000000757000000)
 Metaspace       used 20739K, capacity 21070K, committed 21296K, reserved 1067008K
  class space    used 2811K, capacity 2932K, committed 2944K, reserved 1048576K
}
Event: 2.084 GC heap before
{Heap before GC invocations=11 (full 1):
 PSYoungGen      total 101888K, used 98304K [0x00000007a5000000, 0x00000007af500000, 0x00000007c0000000)
  eden space 98304K, 100% used [0x00000007a5000000,0x00000007ab000000,0x00000007ab000000)
  from space 3584K, 0% used [0x00000007ab000000,0x00000007ab000000,0x00000007ab380000)
  to   space 5632K, 0% used [0x00000007aef80000,0x00000007aef80000,0x00000007af500000)
 ParOldGen       total 49152K, used 10074K [0x0000000754000000, 0x0000000757000000, 0x00000007a5000000)
  object space 49152K, 20% used [0x0000000754000000,0x00000007549d6bf8,0x0000000757000000)
 Metaspace       used 23309K, capacity 23682K, committed 24192K, reserved 1071104K
  class space    used 3226K, capacity 3352K, committed 3456K, reserved 1048576K
Event: 2.088 GC heap after
Heap after GC invocations=11 (full 1):
 PSYoungGen      total 130560K, used 4762K [0x00000007a5000000, 0x00000007af480000, 0x00000007c0000000)
  eden space 125440K, 0% used [0x00000007a5000000,0x00000007a5000000,0x00000007aca80000)
  from space 5120K, 93% used [0x00000007aef80000,0x00000007af426988,0x00000007af480000)
  to   space 6144K, 0% used [0x00000007ae880000,0x00000007ae880000,0x00000007aee80000)
 ParOldGen       total 49152K, used 10082K [0x0000000754000000, 0x0000000757000000, 0x00000007a5000000)
  object space 49152K, 20% used [0x0000000754000000,0x00000007549d8bf8,0x0000000757000000)
 Metaspace       used 23309K, capacity 23682K, committed 24192K, reserved 1071104K
  class space    used 3226K, capacity 3352K, committed 3456K, reserved 1048576K
}

